<?xml version="1.0" encoding="UTF-8"?>
<!-- Generated by org.testng.reporters.JUnitReportReporter -->
<testsuite skipped="0" hostname="DESKTOP-1KI3PNH" name="Smoke.HTTPstatus" tests="1" failures="0" timestamp="2021-03-22T12:05:49 MSK" time="0.198" errors="0">
  <testcase name="status" time="0.198" classname="Smoke.HTTPstatus"/>
  <system-out/>
</testsuite> <!-- Smoke.HTTPstatus -->
