<?xml version="1.0" encoding="UTF-8"?>
<!-- Generated by org.testng.reporters.JUnitReportReporter -->
<testsuite skipped="0" hostname="DESKTOP-1KI3PNH" name="Create.USER" tests="1" failures="0" timestamp="2021-03-22T12:05:49 MSK" time="18.714" errors="0">
  <testcase name="User" time="18.714" classname="Create.USER"/>
  <system-out/>
</testsuite> <!-- Create.USER -->
