<?xml version="1.0" encoding="UTF-8"?>
<!-- Generated by org.testng.reporters.JUnitReportReporter -->
<testsuite skipped="0" hostname="DESKTOP-1KI3PNH" name="Smoke.LOGIN_and_LOGOUT" tests="2" failures="0" timestamp="2021-03-22T12:05:49 MSK" time="16.301" errors="0">
  <testcase name="logout" time="10.146" classname="Smoke.LOGIN_and_LOGOUT"/>
  <system-out/>
  <testcase name="login" time="6.155" classname="Smoke.LOGIN_and_LOGOUT"/>
  <system-out/>
</testsuite> <!-- Smoke.LOGIN_and_LOGOUT -->
