<?xml version="1.0" encoding="UTF-8"?>
<!-- Generated by org.testng.reporters.JUnitReportReporter -->
<testsuite skipped="0" hostname="DESKTOP-1KI3PNH" name="Smoke.LOGIN" tests="2" failures="0" timestamp="2021-03-17T13:41:36 MSK" time="13.047" errors="0">
  <testcase name="login" time="5.863" classname="Smoke.LOGIN"/>
  <system-out/>
  <testcase name="logout" time="7.184" classname="Smoke.LOGIN"/>
  <system-out/>
</testsuite> <!-- Smoke.LOGIN -->
