<?xml version="1.0" encoding="UTF-8"?>
<!-- Generated by org.testng.reporters.JUnitReportReporter -->
<testsuite skipped="0" hostname="DESKTOP-1KI3PNH" name="Smoke.HTTPstatus" tests="1" failures="0" timestamp="2021-04-16T12:16:01 MSK" time="0.254" errors="0">
  <testcase name="status" time="0.254" classname="Smoke.HTTPstatus"/>
  <system-out/>
</testsuite> <!-- Smoke.HTTPstatus -->
