<?xml version="1.0" encoding="UTF-8"?>
<!-- Generated by org.testng.reporters.JUnitReportReporter -->
<testsuite skipped="0" hostname="DESKTOP-1KI3PNH" name="Smoke.LOGIN_and_LOGOUT" tests="2" failures="0" timestamp="2021-04-16T12:16:01 MSK" time="14.503" errors="0">
  <testcase name="login" time="6.133" classname="Smoke.LOGIN_and_LOGOUT"/>
  <system-out/>
  <testcase name="logout" time="8.370" classname="Smoke.LOGIN_and_LOGOUT"/>
  <system-out/>
</testsuite> <!-- Smoke.LOGIN_and_LOGOUT -->
