<?xml version="1.0" encoding="UTF-8"?>
<!-- Generated by org.testng.reporters.JUnitReportReporter -->
<testsuite skipped="0" hostname="DESKTOP-1KI3PNH" name="Smoke.LOGIN_and_LOGOUT" tests="2" failures="0" timestamp="2021-05-06T12:15:55 MSK" time="15.073" errors="0">
  <testcase name="logout" time="5.504" classname="Smoke.LOGIN_and_LOGOUT"/>
  <system-out/>
  <testcase name="login" time="9.569" classname="Smoke.LOGIN_and_LOGOUT"/>
  <system-out/>
</testsuite> <!-- Smoke.LOGIN_and_LOGOUT -->
