<?xml version="1.0" encoding="UTF-8"?>
<!-- Generated by org.testng.reporters.JUnitReportReporter -->
<testsuite skipped="0" hostname="DESKTOP-1KI3PNH" name="Smoke.LOGIN_and_LOGOUT" tests="2" failures="0" timestamp="2021-05-03T12:00:10 MSK" time="15.715" errors="0">
  <testcase name="login" time="9.803" classname="Smoke.LOGIN_and_LOGOUT"/>
  <system-out/>
  <testcase name="logout" time="5.912" classname="Smoke.LOGIN_and_LOGOUT"/>
  <system-out/>
</testsuite> <!-- Smoke.LOGIN_and_LOGOUT -->
