<?xml version="1.0" encoding="UTF-8"?>
<!-- Generated by org.testng.reporters.JUnitReportReporter -->
<testsuite skipped="0" hostname="DESKTOP-1KI3PNH" name="Create.ROLE" tests="1" failures="0" timestamp="2021-04-15T13:40:41 MSK" time="18.870" errors="0">
  <testcase name="Role" time="18.870" classname="Create.ROLE"/>
  <system-out/>
</testsuite> <!-- Create.ROLE -->
