<?xml version="1.0" encoding="UTF-8"?>
<!-- Generated by org.testng.reporters.JUnitReportReporter -->
<testsuite skipped="0" hostname="DESKTOP-1KI3PNH" name="Smoke.LOGIN_and_LOGOUT" tests="2" failures="0" timestamp="2021-04-15T15:38:35 MSK" time="15.779" errors="0">
  <testcase name="login" time="6.907" classname="Smoke.LOGIN_and_LOGOUT"/>
  <system-out/>
  <testcase name="logout" time="8.872" classname="Smoke.LOGIN_and_LOGOUT"/>
  <system-out/>
</testsuite> <!-- Smoke.LOGIN_and_LOGOUT -->
