<?xml version="1.0" encoding="UTF-8"?>
<!-- Generated by org.testng.reporters.JUnitReportReporter -->
<testsuite skipped="0" hostname="DESKTOP-1KI3PNH" name="Smoke.HTTPstatus" tests="1" failures="0" timestamp="2021-05-06T11:35:51 MSK" time="24.141" errors="0">
  <testcase name="status" time="24.141" classname="Smoke.HTTPstatus"/>
  <system-out/>
</testsuite> <!-- Smoke.HTTPstatus -->
