<?xml version="1.0" encoding="UTF-8"?>
<!-- Generated by org.testng.reporters.JUnitReportReporter -->
<testsuite skipped="0" hostname="DESKTOP-1KI3PNH" name="Smoke.HTTPstatus" tests="1" failures="0" timestamp="2021-04-14T15:37:35 MSK" time="0.226" errors="0">
  <testcase name="status" time="0.226" classname="Smoke.HTTPstatus"/>
  <system-out/>
</testsuite> <!-- Smoke.HTTPstatus -->
