<?xml version="1.0" encoding="UTF-8"?>
<!-- Generated by org.testng.reporters.JUnitReportReporter -->
<testsuite skipped="0" hostname="DESKTOP-1KI3PNH" name="Create.Application_Portal" tests="1" failures="0" timestamp="2021-04-23T12:54:41 MSK" time="44.893" errors="0">
  <testcase name="App" time="44.893" classname="Create.Application_Portal"/>
  <system-out/>
</testsuite> <!-- Create.Application_Portal -->
