<?xml version="1.0" encoding="UTF-8"?>
<!-- Generated by org.testng.reporters.JUnitReportReporter -->
<testsuite skipped="0" hostname="DESKTOP-1KI3PNH" name="Create.USER" tests="1" failures="0" timestamp="2021-04-15T15:38:35 MSK" time="17.837" errors="0">
  <testcase name="User" time="17.837" classname="Create.USER"/>
  <system-out/>
</testsuite> <!-- Create.USER -->
