<?xml version="1.0" encoding="UTF-8"?>
<!-- Generated by org.testng.reporters.JUnitReportReporter -->
<testsuite skipped="0" hostname="DESKTOP-1KI3PNH" name="Create.Application_Portal" tests="1" failures="0" timestamp="2021-04-26T13:31:01 MSK" time="48.883" errors="0">
  <testcase name="App" time="48.883" classname="Create.Application_Portal"/>
  <system-out/>
</testsuite> <!-- Create.Application_Portal -->
