<?xml version="1.0" encoding="UTF-8"?>
<!-- Generated by org.testng.reporters.JUnitReportReporter -->
<testsuite skipped="0" hostname="DESKTOP-1KI3PNH" name="Smoke.LOGIN_and_LOGOUT" tests="2" failures="0" timestamp="2021-05-06T11:35:51 MSK" time="13.922" errors="0">
  <testcase name="logout" time="6.416" classname="Smoke.LOGIN_and_LOGOUT"/>
  <system-out/>
  <testcase name="login" time="7.506" classname="Smoke.LOGIN_and_LOGOUT"/>
  <system-out/>
</testsuite> <!-- Smoke.LOGIN_and_LOGOUT -->
