<?xml version="1.0" encoding="UTF-8"?>
<!-- Generated by org.testng.reporters.JUnitReportReporter -->
<testsuite skipped="0" hostname="DESKTOP-1KI3PNH" name="Create.USER" tests="1" failures="0" timestamp="2021-04-16T12:16:01 MSK" time="15.618" errors="0">
  <testcase name="User" time="15.618" classname="Create.USER"/>
  <system-out/>
</testsuite> <!-- Create.USER -->
